{"__type":"$$EventMessageAudit","id":"b7d66dfc-2a0b-4a9c-b6c6-ee6890883229","ts":"2025-09-22T12:58:04.617+00:00","eventName":"n8n.audit.workflow.created","message":"n8n.audit.workflow.created","payload":{"userId":"448f2a2b-073e-4371-8828-967e75c3d043","_email":"daniorjunior12@gmail.com","_firstName":"Daniel","_lastName":"junior","globalRole":"global:owner","workflowId":"DK3bRofnNu5sh4e7","workflowName":"My workflow"}}
{"__type":"$$EventMessageConfirm","confirm":"b7d66dfc-2a0b-4a9c-b6c6-ee6890883229","ts":"2025-09-22T12:58:04.626+00:00","source":{"id":"0","name":"eventBus"}}
{"__type":"$$EventMessageWorkflow","id":"894f1445-27ff-4953-8790-7b464b763439","ts":"2025-09-22T12:58:04.694+00:00","eventName":"n8n.workflow.started","message":"n8n.workflow.started","payload":{"executionId":"1","workflowId":"DK3bRofnNu5sh4e7","isManual":false,"workflowName":"My workflow"}}
{"__type":"$$EventMessageConfirm","confirm":"894f1445-27ff-4953-8790-7b464b763439","ts":"2025-09-22T12:58:04.694+00:00","source":{"id":"0","name":"eventBus"}}
{"__type":"$$EventMessageNode","id":"6a2a0900-d4c3-4a7e-8dfb-5e62ae6e3199","ts":"2025-09-22T12:58:04.695+00:00","eventName":"n8n.node.started","message":"n8n.node.started","payload":{"workflowId":"DK3bRofnNu5sh4e7","workflowName":"My workflow","executionId":"1","nodeType":"n8n-nodes-base.manualTrigger","nodeName":"When clicking ‘Test workflow’"}}
{"__type":"$$EventMessageConfirm","confirm":"6a2a0900-d4c3-4a7e-8dfb-5e62ae6e3199","ts":"2025-09-22T12:58:04.695+00:00","source":{"id":"0","name":"eventBus"}}
{"__type":"$$EventMessageNode","id":"ef2bbbdc-9ea1-4697-a786-0108b669bfc6","ts":"2025-09-22T12:58:04.698+00:00","eventName":"n8n.node.finished","message":"n8n.node.finished","payload":{"workflowId":"DK3bRofnNu5sh4e7","workflowName":"My workflow","executionId":"1","nodeType":"n8n-nodes-base.manualTrigger","nodeName":"When clicking ‘Test workflow’"}}
{"__type":"$$EventMessageConfirm","confirm":"ef2bbbdc-9ea1-4697-a786-0108b669bfc6","ts":"2025-09-22T12:58:04.698+00:00","source":{"id":"0","name":"eventBus"}}
{"__type":"$$EventMessageNode","id":"d9f9b0c8-1436-4661-96d6-eebab5c320b7","ts":"2025-09-22T12:58:04.699+00:00","eventName":"n8n.node.started","message":"n8n.node.started","payload":{"workflowId":"DK3bRofnNu5sh4e7","workflowName":"My workflow","executionId":"1","nodeType":"CUSTOM.random","nodeName":"Random Number"}}
{"__type":"$$EventMessageConfirm","confirm":"d9f9b0c8-1436-4661-96d6-eebab5c320b7","ts":"2025-09-22T12:58:04.699+00:00","source":{"id":"0","name":"eventBus"}}
{"__type":"$$EventMessageNode","id":"730b826b-1f7a-4af2-b3dc-5a59e9054de2","ts":"2025-09-22T12:58:05.109+00:00","eventName":"n8n.node.finished","message":"n8n.node.finished","payload":{"workflowId":"DK3bRofnNu5sh4e7","workflowName":"My workflow","executionId":"1","nodeType":"CUSTOM.random","nodeName":"Random Number"}}
{"__type":"$$EventMessageConfirm","confirm":"730b826b-1f7a-4af2-b3dc-5a59e9054de2","ts":"2025-09-22T12:58:05.109+00:00","source":{"id":"0","name":"eventBus"}}
{"__type":"$$EventMessageWorkflow","id":"f130f8b6-f043-4250-8e82-619fc8c06a47","ts":"2025-09-22T12:58:05.118+00:00","eventName":"n8n.workflow.success","message":"n8n.workflow.success","payload":{"executionId":"1","userId":"448f2a2b-073e-4371-8828-967e75c3d043","success":true,"isManual":true,"workflowId":"DK3bRofnNu5sh4e7","workflowName":"My workflow"}}
{"__type":"$$EventMessageConfirm","confirm":"f130f8b6-f043-4250-8e82-619fc8c06a47","ts":"2025-09-22T12:58:05.118+00:00","source":{"id":"0","name":"eventBus"}}
{"__type":"$$EventMessageWorkflow","id":"b498f40a-7614-4b8d-b204-af2b23be54d5","ts":"2025-09-22T13:08:50.107+00:00","eventName":"n8n.workflow.started","message":"n8n.workflow.started","payload":{"executionId":"2","workflowId":"DK3bRofnNu5sh4e7","isManual":false,"workflowName":"My workflow"}}
{"__type":"$$EventMessageConfirm","confirm":"b498f40a-7614-4b8d-b204-af2b23be54d5","ts":"2025-09-22T13:08:50.108+00:00","source":{"id":"0","name":"eventBus"}}
{"__type":"$$EventMessageNode","id":"555dbebe-bb80-4b97-a312-a12a5836106d","ts":"2025-09-22T13:08:50.108+00:00","eventName":"n8n.node.started","message":"n8n.node.started","payload":{"workflowId":"DK3bRofnNu5sh4e7","workflowName":"My workflow","executionId":"2","nodeType":"CUSTOM.random","nodeName":"Random Number"}}
{"__type":"$$EventMessageConfirm","confirm":"555dbebe-bb80-4b97-a312-a12a5836106d","ts":"2025-09-22T13:08:50.108+00:00","source":{"id":"0","name":"eventBus"}}
{"__type":"$$EventMessageNode","id":"f1cd3ce3-177c-4655-8a58-f0035e8d9d2b","ts":"2025-09-22T13:08:50.536+00:00","eventName":"n8n.node.finished","message":"n8n.node.finished","payload":{"workflowId":"DK3bRofnNu5sh4e7","workflowName":"My workflow","executionId":"2","nodeType":"CUSTOM.random","nodeName":"Random Number"}}
{"__type":"$$EventMessageConfirm","confirm":"f1cd3ce3-177c-4655-8a58-f0035e8d9d2b","ts":"2025-09-22T13:08:50.536+00:00","source":{"id":"0","name":"eventBus"}}
{"__type":"$$EventMessageWorkflow","id":"cfaf8726-b338-4e17-9449-fbe330aa6ef5","ts":"2025-09-22T13:08:50.540+00:00","eventName":"n8n.workflow.success","message":"n8n.workflow.success","payload":{"executionId":"2","userId":"448f2a2b-073e-4371-8828-967e75c3d043","success":true,"isManual":true,"workflowId":"DK3bRofnNu5sh4e7","workflowName":"My workflow"}}
{"__type":"$$EventMessageConfirm","confirm":"cfaf8726-b338-4e17-9449-fbe330aa6ef5","ts":"2025-09-22T13:08:50.540+00:00","source":{"id":"0","name":"eventBus"}}
{"__type":"$$EventMessageWorkflow","id":"c0fc7565-6f88-4599-943f-e38b5dd488ed","ts":"2025-09-22T13:17:27.599+00:00","eventName":"n8n.workflow.started","message":"n8n.workflow.started","payload":{"executionId":"3","workflowId":"DK3bRofnNu5sh4e7","isManual":false,"workflowName":"My workflow"}}
{"__type":"$$EventMessageConfirm","confirm":"c0fc7565-6f88-4599-943f-e38b5dd488ed","ts":"2025-09-22T13:17:27.599+00:00","source":{"id":"0","name":"eventBus"}}
{"__type":"$$EventMessageNode","id":"33105ac0-12ac-4632-b2f3-2c58e1660eb5","ts":"2025-09-22T13:17:27.600+00:00","eventName":"n8n.node.started","message":"n8n.node.started","payload":{"workflowId":"DK3bRofnNu5sh4e7","workflowName":"My workflow","executionId":"3","nodeType":"n8n-nodes-base.manualTrigger","nodeName":"When clicking ‘Test workflow’"}}
{"__type":"$$EventMessageConfirm","confirm":"33105ac0-12ac-4632-b2f3-2c58e1660eb5","ts":"2025-09-22T13:17:27.600+00:00","source":{"id":"0","name":"eventBus"}}
{"__type":"$$EventMessageNode","id":"7e994ea8-2405-4e68-aede-982a14fa9f65","ts":"2025-09-22T13:17:27.601+00:00","eventName":"n8n.node.finished","message":"n8n.node.finished","payload":{"workflowId":"DK3bRofnNu5sh4e7","workflowName":"My workflow","executionId":"3","nodeType":"n8n-nodes-base.manualTrigger","nodeName":"When clicking ‘Test workflow’"}}
{"__type":"$$EventMessageConfirm","confirm":"7e994ea8-2405-4e68-aede-982a14fa9f65","ts":"2025-09-22T13:17:27.601+00:00","source":{"id":"0","name":"eventBus"}}
{"__type":"$$EventMessageNode","id":"c2cd7a95-a4e4-4ff5-a2b3-713dd1b132be","ts":"2025-09-22T13:17:27.602+00:00","eventName":"n8n.node.started","message":"n8n.node.started","payload":{"workflowId":"DK3bRofnNu5sh4e7","workflowName":"My workflow","executionId":"3","nodeType":"CUSTOM.random","nodeName":"Random Number"}}
{"__type":"$$EventMessageConfirm","confirm":"c2cd7a95-a4e4-4ff5-a2b3-713dd1b132be","ts":"2025-09-22T13:17:27.602+00:00","source":{"id":"0","name":"eventBus"}}
{"__type":"$$EventMessageNode","id":"53e4165e-966f-4f91-ab5e-a587ba5e38f1","ts":"2025-09-22T13:17:28.011+00:00","eventName":"n8n.node.finished","message":"n8n.node.finished","payload":{"workflowId":"DK3bRofnNu5sh4e7","workflowName":"My workflow","executionId":"3","nodeType":"CUSTOM.random","nodeName":"Random Number"}}
{"__type":"$$EventMessageConfirm","confirm":"53e4165e-966f-4f91-ab5e-a587ba5e38f1","ts":"2025-09-22T13:17:28.011+00:00","source":{"id":"0","name":"eventBus"}}
{"__type":"$$EventMessageWorkflow","id":"375806c1-6932-4942-8da0-dd0873c3f319","ts":"2025-09-22T13:17:28.012+00:00","eventName":"n8n.workflow.success","message":"n8n.workflow.success","payload":{"executionId":"3","userId":"448f2a2b-073e-4371-8828-967e75c3d043","success":true,"isManual":true,"workflowId":"DK3bRofnNu5sh4e7","workflowName":"My workflow"}}
{"__type":"$$EventMessageConfirm","confirm":"375806c1-6932-4942-8da0-dd0873c3f319","ts":"2025-09-22T13:17:28.012+00:00","source":{"id":"0","name":"eventBus"}}
{"__type":"$$EventMessageWorkflow","id":"4dbee4d4-0a40-423e-aad0-f82cc39fc0e7","ts":"2025-09-22T13:53:56.918+00:00","eventName":"n8n.workflow.started","message":"n8n.workflow.started","payload":{"executionId":"4","workflowId":"DK3bRofnNu5sh4e7","isManual":false,"workflowName":"My workflow"}}
{"__type":"$$EventMessageConfirm","confirm":"4dbee4d4-0a40-423e-aad0-f82cc39fc0e7","ts":"2025-09-22T13:53:56.919+00:00","source":{"id":"0","name":"eventBus"}}
{"__type":"$$EventMessageNode","id":"3f6fa239-3c42-4be2-9546-c4d8f987d807","ts":"2025-09-22T13:53:56.919+00:00","eventName":"n8n.node.started","message":"n8n.node.started","payload":{"workflowId":"DK3bRofnNu5sh4e7","workflowName":"My workflow","executionId":"4","nodeType":"CUSTOM.random","nodeName":"Random Number"}}
{"__type":"$$EventMessageConfirm","confirm":"3f6fa239-3c42-4be2-9546-c4d8f987d807","ts":"2025-09-22T13:53:56.919+00:00","source":{"id":"0","name":"eventBus"}}
{"__type":"$$EventMessageNode","id":"8e65a70a-15d2-425d-9f5e-f7d271d7dbc3","ts":"2025-09-22T13:54:00.851+00:00","eventName":"n8n.node.finished","message":"n8n.node.finished","payload":{"workflowId":"DK3bRofnNu5sh4e7","workflowName":"My workflow","executionId":"4","nodeType":"CUSTOM.random","nodeName":"Random Number"}}
{"__type":"$$EventMessageConfirm","confirm":"8e65a70a-15d2-425d-9f5e-f7d271d7dbc3","ts":"2025-09-22T13:54:00.851+00:00","source":{"id":"0","name":"eventBus"}}
{"__type":"$$EventMessageWorkflow","id":"490ca627-6b16-4bc1-a5bb-255209a3006b","ts":"2025-09-22T13:54:00.854+00:00","eventName":"n8n.workflow.success","message":"n8n.workflow.success","payload":{"executionId":"4","userId":"448f2a2b-073e-4371-8828-967e75c3d043","success":true,"isManual":true,"workflowId":"DK3bRofnNu5sh4e7","workflowName":"My workflow"}}
{"__type":"$$EventMessageConfirm","confirm":"490ca627-6b16-4bc1-a5bb-255209a3006b","ts":"2025-09-22T13:54:00.854+00:00","source":{"id":"0","name":"eventBus"}}
{"__type":"$$EventMessageAudit","id":"1637a939-933d-4eff-832e-b7c26b271798","ts":"2025-09-22T13:55:09.738+00:00","eventName":"n8n.audit.workflow.created","message":"n8n.audit.workflow.created","payload":{"userId":"448f2a2b-073e-4371-8828-967e75c3d043","_email":"daniorjunior12@gmail.com","_firstName":"Daniel","_lastName":"junior","globalRole":"global:owner","workflowId":"UBCzjqVl7F7y7HIe","workflowName":"My workflow 2"}}
{"__type":"$$EventMessageConfirm","confirm":"1637a939-933d-4eff-832e-b7c26b271798","ts":"2025-09-22T13:55:09.739+00:00","source":{"id":"0","name":"eventBus"}}
{"__type":"$$EventMessageWorkflow","id":"ebe65681-7bf1-43d1-a991-3115c9f26dc4","ts":"2025-09-22T13:55:09.796+00:00","eventName":"n8n.workflow.started","message":"n8n.workflow.started","payload":{"executionId":"5","workflowId":"UBCzjqVl7F7y7HIe","isManual":false,"workflowName":"My workflow 2"}}
{"__type":"$$EventMessageConfirm","confirm":"ebe65681-7bf1-43d1-a991-3115c9f26dc4","ts":"2025-09-22T13:55:09.796+00:00","source":{"id":"0","name":"eventBus"}}
{"__type":"$$EventMessageNode","id":"2de5dc0b-1eb0-4699-8b36-263c4a0a5d71","ts":"2025-09-22T13:55:09.797+00:00","eventName":"n8n.node.started","message":"n8n.node.started","payload":{"workflowId":"UBCzjqVl7F7y7HIe","workflowName":"My workflow 2","executionId":"5","nodeType":"n8n-nodes-base.manualTrigger","nodeName":"When clicking ‘Test workflow’"}}
{"__type":"$$EventMessageConfirm","confirm":"2de5dc0b-1eb0-4699-8b36-263c4a0a5d71","ts":"2025-09-22T13:55:09.797+00:00","source":{"id":"0","name":"eventBus"}}
{"__type":"$$EventMessageNode","id":"4d7798e1-f6f7-4cc4-ac30-2d2548fb14c3","ts":"2025-09-22T13:55:09.797+00:00","eventName":"n8n.node.finished","message":"n8n.node.finished","payload":{"workflowId":"UBCzjqVl7F7y7HIe","workflowName":"My workflow 2","executionId":"5","nodeType":"n8n-nodes-base.manualTrigger","nodeName":"When clicking ‘Test workflow’"}}
{"__type":"$$EventMessageConfirm","confirm":"4d7798e1-f6f7-4cc4-ac30-2d2548fb14c3","ts":"2025-09-22T13:55:09.798+00:00","source":{"id":"0","name":"eventBus"}}
{"__type":"$$EventMessageNode","id":"1db7e29a-0442-4e1f-b082-742222dc418a","ts":"2025-09-22T13:55:09.798+00:00","eventName":"n8n.node.started","message":"n8n.node.started","payload":{"workflowId":"UBCzjqVl7F7y7HIe","workflowName":"My workflow 2","executionId":"5","nodeType":"CUSTOM.random","nodeName":"Random Number"}}
{"__type":"$$EventMessageConfirm","confirm":"1db7e29a-0442-4e1f-b082-742222dc418a","ts":"2025-09-22T13:55:09.798+00:00","source":{"id":"0","name":"eventBus"}}
{"__type":"$$EventMessageNode","id":"000d84e1-1295-481a-a511-3fc6a06f467c","ts":"2025-09-22T13:55:10.168+00:00","eventName":"n8n.node.finished","message":"n8n.node.finished","payload":{"workflowId":"UBCzjqVl7F7y7HIe","workflowName":"My workflow 2","executionId":"5","nodeType":"CUSTOM.random","nodeName":"Random Number"}}
{"__type":"$$EventMessageConfirm","confirm":"000d84e1-1295-481a-a511-3fc6a06f467c","ts":"2025-09-22T13:55:10.168+00:00","source":{"id":"0","name":"eventBus"}}
{"__type":"$$EventMessageWorkflow","id":"acb4ac5b-e84f-4fb6-9a7a-4d46e2bd9d82","ts":"2025-09-22T13:55:10.170+00:00","eventName":"n8n.workflow.success","message":"n8n.workflow.success","payload":{"executionId":"5","userId":"448f2a2b-073e-4371-8828-967e75c3d043","success":true,"isManual":true,"workflowId":"UBCzjqVl7F7y7HIe","workflowName":"My workflow 2"}}
{"__type":"$$EventMessageConfirm","confirm":"acb4ac5b-e84f-4fb6-9a7a-4d46e2bd9d82","ts":"2025-09-22T13:55:10.170+00:00","source":{"id":"0","name":"eventBus"}}
{"__type":"$$EventMessageWorkflow","id":"c3bae677-2ba6-4d6a-94a5-37a853f47f9e","ts":"2025-09-22T13:56:19.474+00:00","eventName":"n8n.workflow.started","message":"n8n.workflow.started","payload":{"executionId":"6","workflowId":"UBCzjqVl7F7y7HIe","isManual":false,"workflowName":"My workflow 2"}}
{"__type":"$$EventMessageConfirm","confirm":"c3bae677-2ba6-4d6a-94a5-37a853f47f9e","ts":"2025-09-22T13:56:19.474+00:00","source":{"id":"0","name":"eventBus"}}
{"__type":"$$EventMessageNode","id":"cb71a916-4b5b-4a97-b6a2-121c419bec76","ts":"2025-09-22T13:56:19.475+00:00","eventName":"n8n.node.started","message":"n8n.node.started","payload":{"workflowId":"UBCzjqVl7F7y7HIe","workflowName":"My workflow 2","executionId":"6","nodeType":"n8n-nodes-base.manualTrigger","nodeName":"When clicking ‘Test workflow’"}}
{"__type":"$$EventMessageConfirm","confirm":"cb71a916-4b5b-4a97-b6a2-121c419bec76","ts":"2025-09-22T13:56:19.475+00:00","source":{"id":"0","name":"eventBus"}}
{"__type":"$$EventMessageNode","id":"8221dc34-ea01-4e14-9ff4-d6a1994ded52","ts":"2025-09-22T13:56:19.475+00:00","eventName":"n8n.node.finished","message":"n8n.node.finished","payload":{"workflowId":"UBCzjqVl7F7y7HIe","workflowName":"My workflow 2","executionId":"6","nodeType":"n8n-nodes-base.manualTrigger","nodeName":"When clicking ‘Test workflow’"}}
{"__type":"$$EventMessageConfirm","confirm":"8221dc34-ea01-4e14-9ff4-d6a1994ded52","ts":"2025-09-22T13:56:19.475+00:00","source":{"id":"0","name":"eventBus"}}
{"__type":"$$EventMessageNode","id":"0e220a41-1d94-4027-82ed-dc3e0d4d18fc","ts":"2025-09-22T13:56:19.476+00:00","eventName":"n8n.node.started","message":"n8n.node.started","payload":{"workflowId":"UBCzjqVl7F7y7HIe","workflowName":"My workflow 2","executionId":"6","nodeType":"CUSTOM.random","nodeName":"Random Number"}}
{"__type":"$$EventMessageConfirm","confirm":"0e220a41-1d94-4027-82ed-dc3e0d4d18fc","ts":"2025-09-22T13:56:19.476+00:00","source":{"id":"0","name":"eventBus"}}
{"__type":"$$EventMessageNode","id":"71a7f8f5-ccb9-4931-b468-36f5226a8aec","ts":"2025-09-22T13:56:19.834+00:00","eventName":"n8n.node.finished","message":"n8n.node.finished","payload":{"workflowId":"UBCzjqVl7F7y7HIe","workflowName":"My workflow 2","executionId":"6","nodeType":"CUSTOM.random","nodeName":"Random Number"}}
{"__type":"$$EventMessageConfirm","confirm":"71a7f8f5-ccb9-4931-b468-36f5226a8aec","ts":"2025-09-22T13:56:19.834+00:00","source":{"id":"0","name":"eventBus"}}
{"__type":"$$EventMessageWorkflow","id":"f6650b4c-a7f5-4cfd-933d-6746ea86438a","ts":"2025-09-22T13:56:19.836+00:00","eventName":"n8n.workflow.success","message":"n8n.workflow.success","payload":{"executionId":"6","userId":"448f2a2b-073e-4371-8828-967e75c3d043","success":true,"isManual":true,"workflowId":"UBCzjqVl7F7y7HIe","workflowName":"My workflow 2"}}
{"__type":"$$EventMessageConfirm","confirm":"f6650b4c-a7f5-4cfd-933d-6746ea86438a","ts":"2025-09-22T13:56:19.836+00:00","source":{"id":"0","name":"eventBus"}}
