{"__type":"$$EventMessageWorkflow","id":"6f280201-4d44-4559-88bc-c095d650ecac","ts":"2025-09-23T22:00:39.758+00:00","eventName":"n8n.workflow.started","message":"n8n.workflow.started","payload":{"executionId":"11","workflowId":"obHvSjAS9BR2n3od","isManual":false,"workflowName":"My workflow"}}
{"__type":"$$EventMessageConfirm","confirm":"6f280201-4d44-4559-88bc-c095d650ecac","ts":"2025-09-23T22:00:39.758+00:00","source":{"id":"0","name":"eventBus"}}
{"__type":"$$EventMessageNode","id":"4d8a0e0e-6f9b-4859-89c0-78d9509cf7ce","ts":"2025-09-23T22:00:39.760+00:00","eventName":"n8n.node.started","message":"n8n.node.started","payload":{"workflowId":"obHvSjAS9BR2n3od","workflowName":"My workflow","executionId":"11","nodeType":"n8n-nodes-base.manualTrigger","nodeName":"When clicking ‘Test workflow’"}}
{"__type":"$$EventMessageConfirm","confirm":"4d8a0e0e-6f9b-4859-89c0-78d9509cf7ce","ts":"2025-09-23T22:00:39.760+00:00","source":{"id":"0","name":"eventBus"}}
{"__type":"$$EventMessageNode","id":"2f6a2804-338d-45e2-96d1-102347c57c86","ts":"2025-09-23T22:00:39.764+00:00","eventName":"n8n.node.finished","message":"n8n.node.finished","payload":{"workflowId":"obHvSjAS9BR2n3od","workflowName":"My workflow","executionId":"11","nodeType":"n8n-nodes-base.manualTrigger","nodeName":"When clicking ‘Test workflow’"}}
{"__type":"$$EventMessageConfirm","confirm":"2f6a2804-338d-45e2-96d1-102347c57c86","ts":"2025-09-23T22:00:39.764+00:00","source":{"id":"0","name":"eventBus"}}
{"__type":"$$EventMessageNode","id":"bb7ca077-0df2-4708-abdc-2fd9ec748fc2","ts":"2025-09-23T22:00:39.765+00:00","eventName":"n8n.node.started","message":"n8n.node.started","payload":{"workflowId":"obHvSjAS9BR2n3od","workflowName":"My workflow","executionId":"11","nodeType":"CUSTOM.random","nodeName":"Random"}}
{"__type":"$$EventMessageConfirm","confirm":"bb7ca077-0df2-4708-abdc-2fd9ec748fc2","ts":"2025-09-23T22:00:39.765+00:00","source":{"id":"0","name":"eventBus"}}
{"__type":"$$EventMessageNode","id":"a88efa2e-4d8c-4a20-8b2a-16535fb0109b","ts":"2025-09-23T22:00:39.779+00:00","eventName":"n8n.node.finished","message":"n8n.node.finished","payload":{"workflowId":"obHvSjAS9BR2n3od","workflowName":"My workflow","executionId":"11","nodeType":"CUSTOM.random","nodeName":"Random"}}
{"__type":"$$EventMessageConfirm","confirm":"a88efa2e-4d8c-4a20-8b2a-16535fb0109b","ts":"2025-09-23T22:00:39.780+00:00","source":{"id":"0","name":"eventBus"}}
{"__type":"$$EventMessageWorkflow","id":"c76fd95f-9fb8-4e4a-b5da-1bb7096f954c","ts":"2025-09-23T22:00:39.784+00:00","eventName":"n8n.workflow.failed","message":"n8n.workflow.failed","payload":{"executionId":"11","userId":"448f2a2b-073e-4371-8828-967e75c3d043","success":false,"isManual":true,"workflowId":"obHvSjAS9BR2n3od","workflowName":"My workflow","lastNodeExecuted":"Random","errorMessage":"O valor mínimo não pode ser menor que 1 e o valor máximo não pode ser maior que 100."}}
{"__type":"$$EventMessageConfirm","confirm":"c76fd95f-9fb8-4e4a-b5da-1bb7096f954c","ts":"2025-09-23T22:00:39.784+00:00","source":{"id":"0","name":"eventBus"}}
{"__type":"$$EventMessageAudit","id":"0ff78ab1-0557-4096-9a1e-094fb4bfaf5a","ts":"2025-09-24T15:27:42.454+00:00","eventName":"n8n.audit.workflow.deleted","message":"n8n.audit.workflow.deleted","payload":{"userId":"448f2a2b-073e-4371-8828-967e75c3d043","_email":"daniorjunior12@gmail.com","_firstName":"Daniel","_lastName":"junior","globalRole":"global:owner","workflowId":"4dRiaMIrXJNEhCON"}}
{"__type":"$$EventMessageConfirm","confirm":"0ff78ab1-0557-4096-9a1e-094fb4bfaf5a","ts":"2025-09-24T15:27:42.455+00:00","source":{"id":"0","name":"eventBus"}}
{"__type":"$$EventMessageAudit","id":"3b6ff206-81fa-49ab-ae7e-8c67e4fac025","ts":"2025-09-24T15:27:47.413+00:00","eventName":"n8n.audit.workflow.deleted","message":"n8n.audit.workflow.deleted","payload":{"userId":"448f2a2b-073e-4371-8828-967e75c3d043","_email":"daniorjunior12@gmail.com","_firstName":"Daniel","_lastName":"junior","globalRole":"global:owner","workflowId":"FpiXmpXr1Q7KLAN8"}}
{"__type":"$$EventMessageConfirm","confirm":"3b6ff206-81fa-49ab-ae7e-8c67e4fac025","ts":"2025-09-24T15:27:47.413+00:00","source":{"id":"0","name":"eventBus"}}
{"__type":"$$EventMessageAudit","id":"6dd9d4ef-a27b-467e-bdda-0be22e8309ac","ts":"2025-09-24T15:27:51.034+00:00","eventName":"n8n.audit.workflow.deleted","message":"n8n.audit.workflow.deleted","payload":{"userId":"448f2a2b-073e-4371-8828-967e75c3d043","_email":"daniorjunior12@gmail.com","_firstName":"Daniel","_lastName":"junior","globalRole":"global:owner","workflowId":"PYa4bS3QXhFx0hym"}}
{"__type":"$$EventMessageConfirm","confirm":"6dd9d4ef-a27b-467e-bdda-0be22e8309ac","ts":"2025-09-24T15:27:51.034+00:00","source":{"id":"0","name":"eventBus"}}
{"__type":"$$EventMessageAudit","id":"60985ca0-da09-4365-af42-fe6f90eb41b4","ts":"2025-09-24T15:27:54.650+00:00","eventName":"n8n.audit.workflow.deleted","message":"n8n.audit.workflow.deleted","payload":{"userId":"448f2a2b-073e-4371-8828-967e75c3d043","_email":"daniorjunior12@gmail.com","_firstName":"Daniel","_lastName":"junior","globalRole":"global:owner","workflowId":"obHvSjAS9BR2n3od"}}
{"__type":"$$EventMessageConfirm","confirm":"60985ca0-da09-4365-af42-fe6f90eb41b4","ts":"2025-09-24T15:27:54.650+00:00","source":{"id":"0","name":"eventBus"}}
